2025/03/01 11:36:02 [emerg] 1#1: host not found in upstream "php" in /etc/nginx/conf.d/default.conf:13
2025/03/01 11:39:51 [notice] 1#1: using the "epoll" event method
2025/03/01 11:39:51 [notice] 1#1: nginx/1.27.4
2025/03/01 11:39:51 [notice] 1#1: built by gcc 14.2.0 (Alpine 14.2.0) 
2025/03/01 11:39:51 [notice] 1#1: OS: Linux 6.11.0-17-generic
2025/03/01 11:39:51 [notice] 1#1: getrlimit(RLIMIT_NOFILE): 1048576:1048576
2025/03/01 11:39:51 [notice] 1#1: start worker processes
2025/03/01 11:39:51 [notice] 1#1: start worker process 28
2025/03/01 11:39:51 [notice] 1#1: start worker process 29
2025/03/01 11:39:51 [notice] 1#1: start worker process 30
2025/03/01 11:39:51 [notice] 1#1: start worker process 31
2025/03/01 11:40:33 [error] 29#29: *1 directory index of "/var/www/html/" is forbidden, client: 172.20.0.1, server: localhost, request: "GET / HTTP/1.1", host: "127.0.0.1:82"
2025/03/01 11:40:37 [error] 29#29: *1 directory index of "/var/www/html/" is forbidden, client: 172.20.0.1, server: localhost, request: "GET / HTTP/1.1", host: "127.0.0.1:82"
2025/03/01 11:40:38 [error] 29#29: *1 directory index of "/var/www/html/" is forbidden, client: 172.20.0.1, server: localhost, request: "GET / HTTP/1.1", host: "127.0.0.1:82"
2025/03/01 11:40:38 [error] 29#29: *1 directory index of "/var/www/html/" is forbidden, client: 172.20.0.1, server: localhost, request: "GET / HTTP/1.1", host: "127.0.0.1:82"
2025/03/01 11:40:40 [error] 29#29: *1 directory index of "/var/www/html/" is forbidden, client: 172.20.0.1, server: localhost, request: "GET / HTTP/1.1", host: "127.0.0.1:82"
2025/03/01 11:40:41 [error] 29#29: *1 directory index of "/var/www/html/" is forbidden, client: 172.20.0.1, server: localhost, request: "GET / HTTP/1.1", host: "127.0.0.1:82"
2025/03/01 13:02:17 [notice] 1#1: signal 3 (SIGQUIT) received, shutting down
2025/03/01 13:02:17 [notice] 28#28: gracefully shutting down
2025/03/01 13:02:17 [notice] 29#29: gracefully shutting down
2025/03/01 13:02:17 [notice] 30#30: gracefully shutting down
2025/03/01 13:02:17 [notice] 29#29: exiting
2025/03/01 13:02:17 [notice] 30#30: exiting
2025/03/01 13:02:17 [notice] 30#30: exit
2025/03/01 13:02:17 [notice] 29#29: exit
2025/03/01 13:02:17 [notice] 31#31: gracefully shutting down
2025/03/01 13:02:17 [notice] 31#31: exiting
2025/03/01 13:02:17 [notice] 31#31: exit
2025/03/01 13:02:17 [notice] 28#28: exiting
2025/03/01 13:02:17 [notice] 28#28: exit
2025/03/01 13:02:17 [notice] 1#1: signal 17 (SIGCHLD) received from 29
2025/03/01 13:02:17 [notice] 1#1: worker process 29 exited with code 0
2025/03/01 13:02:17 [notice] 1#1: signal 29 (SIGIO) received
2025/03/01 13:02:17 [notice] 1#1: signal 17 (SIGCHLD) received from 31
2025/03/01 13:02:17 [notice] 1#1: worker process 28 exited with code 0
2025/03/01 13:02:17 [notice] 1#1: worker process 30 exited with code 0
2025/03/01 13:02:17 [notice] 1#1: worker process 31 exited with code 0
2025/03/01 13:02:17 [notice] 1#1: exit
2025/03/01 13:16:30 [notice] 1#1: using the "epoll" event method
2025/03/01 13:16:30 [notice] 1#1: nginx/1.27.4
2025/03/01 13:16:30 [notice] 1#1: built by gcc 14.2.0 (Alpine 14.2.0) 
2025/03/01 13:16:30 [notice] 1#1: OS: Linux 6.11.0-17-generic
2025/03/01 13:16:30 [notice] 1#1: getrlimit(RLIMIT_NOFILE): 1048576:1048576
2025/03/01 13:16:30 [notice] 1#1: start worker processes
2025/03/01 13:16:30 [notice] 1#1: start worker process 29
2025/03/01 13:16:30 [notice] 1#1: start worker process 30
2025/03/01 13:16:30 [notice] 1#1: start worker process 31
2025/03/01 13:16:30 [notice] 1#1: start worker process 32
2025/03/03 06:51:16 [notice] 1#1: using the "epoll" event method
2025/03/03 06:51:16 [notice] 1#1: nginx/1.27.4
2025/03/03 06:51:16 [notice] 1#1: built by gcc 14.2.0 (Alpine 14.2.0) 
2025/03/03 06:51:16 [notice] 1#1: OS: Linux 6.11.0-17-generic
2025/03/03 06:51:16 [notice] 1#1: getrlimit(RLIMIT_NOFILE): 1048576:1048576
2025/03/03 06:51:16 [notice] 1#1: start worker processes
2025/03/03 06:51:16 [notice] 1#1: start worker process 29
2025/03/03 06:51:16 [notice] 1#1: start worker process 30
2025/03/03 06:51:16 [notice] 1#1: start worker process 31
2025/03/03 06:51:16 [notice] 1#1: start worker process 32
2025/03/03 13:07:23 [notice] 1#1: signal 3 (SIGQUIT) received, shutting down
2025/03/03 13:07:23 [notice] 29#29: gracefully shutting down
2025/03/03 13:07:23 [notice] 29#29: exiting
2025/03/03 13:07:23 [notice] 29#29: exit
2025/03/03 13:07:23 [notice] 31#31: gracefully shutting down
2025/03/03 13:07:23 [notice] 31#31: exiting
2025/03/03 13:07:23 [notice] 31#31: exit
2025/03/03 13:07:23 [notice] 32#32: gracefully shutting down
2025/03/03 13:07:23 [notice] 32#32: exiting
2025/03/03 13:07:23 [notice] 30#30: gracefully shutting down
2025/03/03 13:07:23 [notice] 30#30: exiting
2025/03/03 13:07:23 [notice] 32#32: exit
2025/03/03 13:07:23 [notice] 30#30: exit
2025/03/03 13:07:23 [notice] 1#1: signal 17 (SIGCHLD) received from 29
2025/03/03 13:07:23 [notice] 1#1: worker process 29 exited with code 0
2025/03/03 13:07:23 [notice] 1#1: signal 29 (SIGIO) received
2025/03/03 13:07:23 [notice] 1#1: signal 17 (SIGCHLD) received from 31
2025/03/03 13:07:23 [notice] 1#1: worker process 31 exited with code 0
2025/03/03 13:07:23 [notice] 1#1: signal 29 (SIGIO) received
2025/03/03 13:07:23 [notice] 1#1: signal 17 (SIGCHLD) received from 30
2025/03/03 13:07:23 [notice] 1#1: worker process 30 exited with code 0
2025/03/03 13:07:23 [notice] 1#1: signal 29 (SIGIO) received
2025/03/03 13:07:23 [notice] 1#1: signal 17 (SIGCHLD) received from 32
2025/03/03 13:07:23 [notice] 1#1: worker process 32 exited with code 0
2025/03/03 13:07:23 [notice] 1#1: exit
2025/03/03 14:51:32 [notice] 1#1: using the "epoll" event method
2025/03/03 14:51:32 [notice] 1#1: nginx/1.27.4
2025/03/03 14:51:32 [notice] 1#1: built by gcc 14.2.0 (Alpine 14.2.0) 
2025/03/03 14:51:32 [notice] 1#1: OS: Linux 6.11.0-17-generic
2025/03/03 14:51:32 [notice] 1#1: getrlimit(RLIMIT_NOFILE): 1048576:1048576
2025/03/03 14:51:32 [notice] 1#1: start worker processes
2025/03/03 14:51:32 [notice] 1#1: start worker process 29
2025/03/03 14:51:32 [notice] 1#1: start worker process 30
2025/03/03 14:51:32 [notice] 1#1: start worker process 31
2025/03/03 14:51:32 [notice] 1#1: start worker process 32
2025/03/03 14:57:58 [notice] 1#1: signal 3 (SIGQUIT) received, shutting down
2025/03/03 14:57:58 [notice] 29#29: gracefully shutting down
2025/03/03 14:57:58 [notice] 30#30: gracefully shutting down
2025/03/03 14:57:58 [notice] 29#29: exiting
2025/03/03 14:57:58 [notice] 30#30: exiting
2025/03/03 14:57:58 [notice] 31#31: gracefully shutting down
2025/03/03 14:57:58 [notice] 31#31: exiting
2025/03/03 14:57:58 [notice] 29#29: exit
2025/03/03 14:57:58 [notice] 31#31: exit
2025/03/03 14:57:58 [notice] 30#30: exit
2025/03/03 14:57:58 [notice] 32#32: gracefully shutting down
2025/03/03 14:57:58 [notice] 32#32: exiting
2025/03/03 14:57:58 [notice] 32#32: exit
2025/03/03 14:57:58 [notice] 1#1: signal 17 (SIGCHLD) received from 29
2025/03/03 14:57:58 [notice] 1#1: worker process 29 exited with code 0
2025/03/03 14:57:58 [notice] 1#1: signal 29 (SIGIO) received
2025/03/03 14:57:58 [notice] 1#1: signal 17 (SIGCHLD) received from 32
2025/03/03 14:57:58 [notice] 1#1: worker process 32 exited with code 0
2025/03/03 14:57:58 [notice] 1#1: signal 29 (SIGIO) received
2025/03/03 14:57:58 [notice] 1#1: signal 17 (SIGCHLD) received from 31
2025/03/03 14:57:58 [notice] 1#1: worker process 31 exited with code 0
2025/03/03 14:57:58 [notice] 1#1: signal 29 (SIGIO) received
2025/03/03 14:57:58 [notice] 1#1: signal 17 (SIGCHLD) received from 30
2025/03/03 14:57:58 [notice] 1#1: worker process 30 exited with code 0
2025/03/03 14:57:58 [notice] 1#1: exit
2025/03/03 14:58:38 [notice] 1#1: using the "epoll" event method
2025/03/03 14:58:38 [notice] 1#1: nginx/1.27.4
2025/03/03 14:58:38 [notice] 1#1: built by gcc 14.2.0 (Alpine 14.2.0) 
2025/03/03 14:58:38 [notice] 1#1: OS: Linux 6.11.0-17-generic
2025/03/03 14:58:38 [notice] 1#1: getrlimit(RLIMIT_NOFILE): 1048576:1048576
2025/03/03 14:58:38 [notice] 1#1: start worker processes
2025/03/03 14:58:38 [notice] 1#1: start worker process 28
2025/03/03 14:58:38 [notice] 1#1: start worker process 29
2025/03/03 14:58:38 [notice] 1#1: start worker process 30
2025/03/03 14:58:38 [notice] 1#1: start worker process 31
2025/03/03 15:03:00 [notice] 1#1: signal 3 (SIGQUIT) received, shutting down
2025/03/03 15:03:00 [notice] 28#28: gracefully shutting down
2025/03/03 15:03:00 [notice] 28#28: exiting
2025/03/03 15:03:00 [notice] 28#28: exit
2025/03/03 15:03:00 [notice] 29#29: gracefully shutting down
2025/03/03 15:03:00 [notice] 29#29: exiting
2025/03/03 15:03:00 [notice] 29#29: exit
2025/03/03 15:03:00 [notice] 30#30: gracefully shutting down
2025/03/03 15:03:00 [notice] 30#30: exiting
2025/03/03 15:03:00 [notice] 30#30: exit
2025/03/03 15:03:00 [notice] 31#31: gracefully shutting down
2025/03/03 15:03:00 [notice] 31#31: exiting
2025/03/03 15:03:00 [notice] 31#31: exit
2025/03/03 15:03:00 [notice] 1#1: signal 17 (SIGCHLD) received from 29
2025/03/03 15:03:00 [notice] 1#1: worker process 29 exited with code 0
2025/03/03 15:03:00 [notice] 1#1: worker process 30 exited with code 0
2025/03/03 15:03:00 [notice] 1#1: signal 29 (SIGIO) received
2025/03/03 15:03:00 [notice] 1#1: signal 17 (SIGCHLD) received from 28
2025/03/03 15:03:00 [notice] 1#1: worker process 28 exited with code 0
2025/03/03 15:03:00 [notice] 1#1: worker process 31 exited with code 0
2025/03/03 15:03:00 [notice] 1#1: exit
2025/03/03 15:03:07 [notice] 1#1: using the "epoll" event method
2025/03/03 15:03:07 [notice] 1#1: nginx/1.27.4
2025/03/03 15:03:07 [notice] 1#1: built by gcc 14.2.0 (Alpine 14.2.0) 
2025/03/03 15:03:07 [notice] 1#1: OS: Linux 6.11.0-17-generic
2025/03/03 15:03:07 [notice] 1#1: getrlimit(RLIMIT_NOFILE): 1048576:1048576
2025/03/03 15:03:07 [notice] 1#1: start worker processes
2025/03/03 15:03:07 [notice] 1#1: start worker process 30
2025/03/03 15:03:07 [notice] 1#1: start worker process 31
2025/03/03 15:03:07 [notice] 1#1: start worker process 32
2025/03/03 15:03:07 [notice] 1#1: start worker process 33
2025/03/03 15:14:06 [notice] 1#1: signal 3 (SIGQUIT) received, shutting down
2025/03/03 15:14:06 [notice] 30#30: gracefully shutting down
2025/03/03 15:14:06 [notice] 31#31: gracefully shutting down
2025/03/03 15:14:06 [notice] 32#32: gracefully shutting down
2025/03/03 15:14:06 [notice] 33#33: gracefully shutting down
2025/03/03 15:14:06 [notice] 33#33: exiting
2025/03/03 15:14:06 [notice] 33#33: exit
2025/03/03 15:14:06 [notice] 30#30: exiting
2025/03/03 15:14:06 [notice] 30#30: exit
2025/03/03 15:14:06 [notice] 31#31: exiting
2025/03/03 15:14:06 [notice] 31#31: exit
2025/03/03 15:14:06 [notice] 32#32: exiting
2025/03/03 15:14:06 [notice] 32#32: exit
2025/03/03 15:14:06 [notice] 1#1: signal 17 (SIGCHLD) received from 32
2025/03/03 15:14:06 [notice] 1#1: worker process 32 exited with code 0
2025/03/03 15:14:06 [notice] 1#1: signal 29 (SIGIO) received
2025/03/03 15:14:06 [notice] 1#1: signal 17 (SIGCHLD) received from 30
2025/03/03 15:14:06 [notice] 1#1: worker process 30 exited with code 0
2025/03/03 15:14:06 [notice] 1#1: worker process 33 exited with code 0
2025/03/03 15:14:06 [notice] 1#1: signal 29 (SIGIO) received
2025/03/03 15:14:06 [notice] 1#1: signal 17 (SIGCHLD) received from 31
2025/03/03 15:14:06 [notice] 1#1: worker process 31 exited with code 0
2025/03/03 15:14:06 [notice] 1#1: exit
2025/03/03 15:16:22 [notice] 1#1: using the "epoll" event method
2025/03/03 15:16:22 [notice] 1#1: nginx/1.27.4
2025/03/03 15:16:22 [notice] 1#1: built by gcc 14.2.0 (Alpine 14.2.0) 
2025/03/03 15:16:22 [notice] 1#1: OS: Linux 6.11.0-17-generic
2025/03/03 15:16:22 [notice] 1#1: getrlimit(RLIMIT_NOFILE): 1048576:1048576
2025/03/03 15:16:22 [notice] 1#1: start worker processes
2025/03/03 15:16:22 [notice] 1#1: start worker process 29
2025/03/03 15:16:22 [notice] 1#1: start worker process 30
2025/03/03 15:16:22 [notice] 1#1: start worker process 31
2025/03/03 15:16:22 [notice] 1#1: start worker process 32
